#
# A fatal error has been detected by the Java Runtime Environment:
#
#  EXCEPTION_ACCESS_VIOLATION (0xc0000005) at pc=0x00000000639fa6a5, pid=58668, tid=58068
#
# JRE version: Java(TM) SE Runtime Environment (8.0_31-b13) (build 1.8.0_31-b13)
# Java VM: Java HotSpot(TM) 64-Bit Server VM (25.31-b07 mixed mode windows-amd64 compressed oops)
# Problematic frame:
# V  [jvm.dll+0x11a6a5]
#
# Failed to write core dump. Minidumps are not enabled by default on client versions of Windows
#
# If you would like to submit a bug report, please visit:
#   http://bugreport.java.com/bugreport/crash.jsp
#

---------------  T H R E A D  ---------------

Current thread (0x000000001da24000):  JavaThread "JDWP Transport Listener: dt_socket" daemon [_thread_in_vm, id=58068, stack(0x000000001f6f0000,0x000000001f7f0000)]

siginfo: ExceptionCode=0xc0000005, reading address 0xffffffffffffffff

Registers:
RAX=0x000000001f7ef301, RBX=0x000000001da24000, RCX=0x694c79617272412f, RDX=0x0000000000000000
RSP=0x000000001f7ef340, RBP=0x694c79617272412f, RSI=0x000000001f7ef458, RDI=0x0000000002269430
R8 =0x000000001da24000, R9 =0x010001e6003b0003, R10=0x0000000000000000, R11=0x000000001daeaa90
R12=0x0000000000000000, R13=0x000000001da2ab38, R14=0x0000000000000000, R15=0x0000000000000000
RIP=0x00000000639fa6a5, EFLAGS=0x0000000000010202

Top of Stack: (sp=0x000000001f7ef340)
0x000000001f7ef340:   000000001da24000 000000001da24000
0x000000001f7ef350:   000000001f7ef408 0000000063bf7c1b
0x000000001f7ef360:   000000001da24000 0000000063c1447d
0x000000001f7ef370:   0000000000000000 00000000662f9149
0x000000001f7ef380:   000000001db5a298 0000000066302912
0x000000001f7ef390:   000000001da24000 0000000000000000
0x000000001f7ef3a0:   0000000000000000 0000000000000000
0x000000001f7ef3b0:   694c79617272412f 0000000066301a09
0x000000001f7ef3c0:   000000001f7ef458 000000001f7ef430
0x000000001f7ef3d0:   0000000000000001 000000001db5a298
0x000000001f7ef3e0:   694c79617272412f 00000000662e53b3
0x000000001f7ef3f0:   000000001f7ef520 0000000000000001
0x000000001f7ef400:   0000000000000001 000000001db5a298
0x000000001f7ef410:   000000000000000a 0000000000000000
0x000000001f7ef420:   0000000000000000 0000000000000000
0x000000001f7ef430:   0000000000000001 00000000662e5571 

Instructions: (pc=0x00000000639fa6a5)
0x00000000639fa685:   cc cc cc cc cc cc cc cc cc cc cc 48 83 ec 28 48
0x00000000639fa695:   85 c9 75 07 33 c0 48 83 c4 28 c3 48 89 5c 24 20
0x00000000639fa6a5:   48 8b 19 48 85 db 74 20 48 83 fb 37 74 1a 48 8b
0x00000000639fa6b5:   13 48 8b cb ff 52 10 84 c0 74 0d 48 8b c3 48 8b 


Register to memory mapping:

RAX=0x000000001f7ef301 is pointing into the stack for thread: 0x000000001da24000
RBX=0x000000001da24000 is a thread
RCX=0x694c79617272412f is an unknown value
RDX=0x0000000000000000 is an unknown value
RSP=0x000000001f7ef340 is pointing into the stack for thread: 0x000000001da24000
RBP=0x694c79617272412f is an unknown value
RSI=0x000000001f7ef458 is pointing into the stack for thread: 0x000000001da24000
RDI=0x0000000002269430 is an unknown value
R8 =0x000000001da24000 is a thread
R9 =0x010001e6003b0003 is an unknown value
R10=0x0000000000000000 is an unknown value
R11=0x000000001daeaa90 is an unknown value
R12=0x0000000000000000 is an unknown value
R13=0x000000001da2ab38 is an unknown value
R14=0x0000000000000000 is an unknown value
R15=0x0000000000000000 is an unknown value


Stack: [0x000000001f6f0000,0x000000001f7f0000],  sp=0x000000001f7ef340,  free space=1020k
Native frames: (J=compiled Java code, j=interpreted, Vv=VM code, C=native code)
V  [jvm.dll+0x11a6a5]
V  [jvm.dll+0x33447d]
C  [jdwp.dll+0x21a09]
C  [jdwp.dll+0x53b3]
C  [jdwp.dll+0x5571]
C  [jdwp.dll+0xf09c]
C  [jdwp.dll+0x1f2c9]
C  [jdwp.dll+0x1f49e]
V  [jvm.dll+0x1ac128]
V  [jvm.dll+0x22c194]
V  [jvm.dll+0x28576a]
C  [msvcr100.dll+0x21d9f]
C  [msvcr100.dll+0x21e3b]
C  [kernel32.dll+0x159ed]
C  [ntdll.dll+0x2ba01]


---------------  P R O C E S S  ---------------

Java Threads: ( => current thread )
  0x000000001dad1800 JavaThread "Service Thread" daemon [_thread_blocked, id=59132, stack(0x0000000020130000,0x0000000020230000)]
  0x000000001da53000 JavaThread "C1 CompilerThread3" daemon [_thread_blocked, id=59960, stack(0x000000001fee0000,0x000000001ffe0000)]
  0x000000001da52000 JavaThread "C2 CompilerThread2" daemon [_thread_blocked, id=58508, stack(0x000000001fc30000,0x000000001fd30000)]
  0x000000001da51800 JavaThread "C2 CompilerThread1" daemon [_thread_blocked, id=59804, stack(0x000000001fd60000,0x000000001fe60000)]
  0x000000001da50800 JavaThread "C2 CompilerThread0" daemon [_thread_blocked, id=37552, stack(0x000000001fb20000,0x000000001fc20000)]
  0x000000001da34800 JavaThread "JDWP Command Reader" daemon [_thread_in_native, id=59620, stack(0x000000001f960000,0x000000001fa60000)]
  0x000000001da2b800 JavaThread "JDWP Event Helper Thread" daemon [_thread_blocked, id=60164, stack(0x000000001f810000,0x000000001f910000)]
=>0x000000001da24000 JavaThread "JDWP Transport Listener: dt_socket" daemon [_thread_in_vm, id=58068, stack(0x000000001f6f0000,0x000000001f7f0000)]
  0x000000001da14800 JavaThread "Attach Listener" daemon [_thread_blocked, id=59856, stack(0x000000001f4d0000,0x000000001f5d0000)]
  0x000000001da1f800 JavaThread "Signal Dispatcher" daemon [_thread_blocked, id=59680, stack(0x000000001f380000,0x000000001f480000)]
  0x000000001c7ec800 JavaThread "Finalizer" daemon [_thread_blocked, id=35016, stack(0x000000001f230000,0x000000001f330000)]
  0x000000001d9b6800 JavaThread "Reference Handler" daemon [_thread_blocked, id=58484, stack(0x000000001f060000,0x000000001f160000)]
  0x0000000002308000 JavaThread "main" [_thread_blocked, id=58168, stack(0x00000000025c0000,0x00000000026c0000)]

Other Threads:
  0x000000001c7e5800 VMThread [stack: 0x000000001eeb0000,0x000000001efb0000] [id=59424]
  0x000000001dad3000 WatcherThread [stack: 0x00000000202b0000,0x00000000203b0000] [id=37136]

VM state:not at safepoint (normal execution)

VM Mutex/Monitor currently owned by a thread: None

Heap:
 PSYoungGen      total 75776K, used 5202K [0x000000076b900000, 0x0000000770d80000, 0x00000007c0000000)
  eden space 65024K, 8% used [0x000000076b900000,0x000000076be14888,0x000000076f880000)
  from space 10752K, 0% used [0x0000000770300000,0x0000000770300000,0x0000000770d80000)
  to   space 10752K, 0% used [0x000000076f880000,0x000000076f880000,0x0000000770300000)
 ParOldGen       total 173568K, used 0K [0x00000006c2a00000, 0x00000006cd380000, 0x000000076b900000)
  object space 173568K, 0% used [0x00000006c2a00000,0x00000006c2a00000,0x00000006cd380000)
 Metaspace       used 3681K, capacity 4734K, committed 4864K, reserved 1056768K
  class space    used 401K, capacity 430K, committed 512K, reserved 1048576K

Card table byte_map: [0x0000000011d50000,0x0000000012540000] byte_map_base: 0x000000000e73b000

Marking Bits: (ParMarkBitMap*) 0x00000000640bd4f0
 Begin Bits: [0x0000000013750000, 0x00000000176a8000)
 End Bits:   [0x00000000176a8000, 0x000000001b600000)

Polling page: 0x0000000000130000

CodeCache: size=245760Kb used=1176Kb max_used=1176Kb free=244584Kb
 bounds [0x0000000002990000, 0x0000000002c00000, 0x0000000011990000]
 total_blobs=298 nmethods=56 adapters=164
 compilation: enabled

Compilation events (10 events):
Event: 0.074 Thread 0x000000001da53000   51       1       java.net.URL::getPath (5 bytes)
Event: 0.074 Thread 0x000000001da53000 nmethod 51 0x0000000002ab0650 code [0x0000000002ab07a0, 0x0000000002ab08b0]
Event: 0.074 Thread 0x000000001da53000   53  s    1       java.util.Vector::size (5 bytes)
Event: 0.074 Thread 0x000000001da53000 nmethod 53 0x0000000002ab0910 code [0x0000000002ab0a60, 0x0000000002ab0cd0]
Event: 0.074 Thread 0x000000001da53000   54       1       java.lang.String::length (6 bytes)
Event: 0.074 Thread 0x000000001da53000 nmethod 54 0x0000000002ab0d50 code [0x0000000002ab0ea0, 0x0000000002ab0fb0]
Event: 0.074 Thread 0x000000001da53000   55       3       java.lang.String::toLowerCase (439 bytes)
Event: 0.075 Thread 0x000000001da53000 nmethod 55 0x0000000002ab1290 code [0x0000000002ab15c0, 0x0000000002ab2e98]
Event: 0.077 Thread 0x000000001da53000   56       3       java.lang.AbstractStringBuilder::expandCapacity (50 bytes)
Event: 0.078 Thread 0x000000001da53000 nmethod 56 0x0000000002ab3e50 code [0x0000000002ab4000, 0x0000000002ab4558]

GC Heap History (0 events):
No events

Deoptimization events (0 events):
No events

Internal exceptions (10 events):
Event: 0.021 Thread 0x0000000002308000 Exception <a 'java/lang/NoSuchMethodError': Method sun.misc.Unsafe.defineClass(Ljava/lang/String;[BII)Ljava/lang/Class; name or signature does not match> (0x000000076b90d2e0) thrown at [C:\workspace\8-2-build-windows-amd64-cygwin\jdk8u31\2394\hotspot\src\sn=Çe–?
Event: 0.021 Thread 0x0000000002308000 Exception <a 'java/lang/NoSuchMethodError': Method sun.misc.Unsafe.prefetchRead(Ljava/lang/Object;J)V name or signature does not match> (0x000000076b90d570) thrown at [C:\workspace\8-2-build-windows-amd64-cygwin\jdk8u31\2394\hotspot\src\share\vm\prims\jni.ù'åAü­?
Event: 0.059 Thread 0x0000000002308000 Exception <a 'java/security/PrivilegedActionException'> (0x000000076b96c848) thrown at [C:\workspace\8-2-build-windows-amd64-cygwin\jdk8u31\2394\hotspot\src\share\vm\prims\jvm.cpp, line 1312]
Event: 0.089 Thread 0x0000000002308000 Exception <a 'java/security/PrivilegedActionException'> (0x000000076b9ceb18) thrown at [C:\workspace\8-2-build-windows-amd64-cygwin\jdk8u31\2394\hotspot\src\share\vm\prims\jvm.cpp, line 1312]
Event: 0.177 Thread 0x0000000002308000 Exception <a 'java/security/PrivilegedActionException'> (0x000000076b9f2b10) thrown at [C:\workspace\8-2-build-windows-amd64-cygwin\jdk8u31\2394\hotspot\src\share\vm\prims\jvm.cpp, line 1312]
Event: 0.177 Thread 0x0000000002308000 Exception <a 'java/security/PrivilegedActionException'> (0x000000076b9f2e58) thrown at [C:\workspace\8-2-build-windows-amd64-cygwin\jdk8u31\2394\hotspot\src\share\vm\prims\jvm.cpp, line 1312]
Event: 0.197 Thread 0x0000000002308000 Exception <a 'java/security/PrivilegedActionException'> (0x000000076b9f6d80) thrown at [C:\workspace\8-2-build-windows-amd64-cygwin\jdk8u31\2394\hotspot\src\share\vm\prims\jvm.cpp, line 1312]
Event: 0.197 Thread 0x0000000002308000 Exception <a 'java/security/PrivilegedActionException'> (0x000000076b9f70c8) thrown at [C:\workspace\8-2-build-windows-amd64-cygwin\jdk8u31\2394\hotspot\src\share\vm\prims\jvm.cpp, line 1312]
Event: 0.264 Thread 0x0000000002308000 Exception <a 'java/security/PrivilegedActionException'> (0x000000076ba0ad70) thrown at [C:\workspace\8-2-build-windows-amd64-cygwin\jdk8u31\2394\hotspot\src\share\vm\prims\jvm.cpp, line 1312]
Event: 0.284 Thread 0x0000000002308000 Exception <a 'java/security/PrivilegedActionException'> (0x000000076ba10298) thrown at [C:\workspace\8-2-build-windows-amd64-cygwin\jdk8u31\2394\hotspot\src\share\vm\prims\jvm.cpp, line 1312]

Events (10 events):
Event: 1130.675 Executing VM operation: ChangeBreakpoints
Event: 1130.675 Executing VM operation: ChangeBreakpoints done
Event: 1130.676 Executing VM operation: ChangeBreakpoints
Event: 1130.676 Executing VM operation: ChangeBreakpoints done
Event: 1130.678 Executing VM operation: ChangeBreakpoints
Event: 1130.678 Executing VM operation: ChangeBreakpoints done
Event: 1130.680 Executing VM operation: ChangeBreakpoints
Event: 1130.680 Executing VM operation: ChangeBreakpoints done
Event: 1268.314 Executing VM operation: RedefineClasses
Event: 1268.315 Executing VM operation: RedefineClasses done


Dynamic libraries:
0x000000013fc80000 - 0x000000013fcb4000 	C:\Program Files\Java\jdk1.8.0_31\bin\java.exe
0x00000000778a0000 - 0x0000000077a4a000 	C:\Windows\SYSTEM32\ntdll.dll
0x0000000077780000 - 0x000000007789f000 	C:\Windows\system32\kernel32.dll
0x000007fefd8b0000 - 0x000007fefd91c000 	C:\Windows\system32\KERNELBASE.dll
0x000007feff4e0000 - 0x000007feff5bb000 	C:\Windows\system32\ADVAPI32.dll
0x000007feff050000 - 0x000007feff0ef000 	C:\Windows\system32\msvcrt.dll
0x000007feff110000 - 0x000007feff12f000 	C:\Windows\SYSTEM32\sechost.dll
0x000007feff8a0000 - 0x000007feff9cd000 	C:\Windows\system32\RPCRT4.dll
0x0000000077680000 - 0x000000007777a000 	C:\Windows\system32\USER32.dll
0x000007feff2b0000 - 0x000007feff317000 	C:\Windows\system32\GDI32.dll
0x000007feff320000 - 0x000007feff32e000 	C:\Windows\system32\LPK.dll
0x000007feff130000 - 0x000007feff1f9000 	C:\Windows\system32\USP10.dll
0x000007fefbcb0000 - 0x000007fefbea4000 	C:\Windows\WinSxS\amd64_microsoft.windows.common-controls_6595b64144ccf1df_6.0.7601.17514_none_fa396087175ac9ac\COMCTL32.dll
0x000007fefdbb0000 - 0x000007fefdc21000 	C:\Windows\system32\SHLWAPI.dll
0x000007feff280000 - 0x000007feff2ae000 	C:\Windows\system32\IMM32.DLL
0x000007feff330000 - 0x000007feff439000 	C:\Windows\system32\MSCTF.dll
0x0000000065610000 - 0x00000000656e2000 	C:\Program Files\Java\jdk1.8.0_31\jre\bin\msvcr100.dll
0x00000000638e0000 - 0x000000006413a000 	C:\Program Files\Java\jdk1.8.0_31\jre\bin\server\jvm.dll
0x000007fef2030000 - 0x000007fef2039000 	C:\Windows\system32\WSOCK32.dll
0x000007fefdc30000 - 0x000007fefdc7d000 	C:\Windows\system32\WS2_32.dll
0x000007feff890000 - 0x000007feff898000 	C:\Windows\system32\NSI.dll
0x000007fef4950000 - 0x000007fef498b000 	C:\Windows\system32\WINMM.dll
0x0000000077a60000 - 0x0000000077a67000 	C:\Windows\system32\PSAPI.DLL
0x0000000066350000 - 0x000000006635f000 	C:\Program Files\Java\jdk1.8.0_31\jre\bin\verify.dll
0x0000000066320000 - 0x0000000066348000 	C:\Program Files\Java\jdk1.8.0_31\jre\bin\java.dll
0x00000000662e0000 - 0x0000000066315000 	C:\Program Files\Java\jdk1.8.0_31\jre\bin\jdwp.dll
0x00000000662d0000 - 0x00000000662d8000 	C:\Program Files\Java\jdk1.8.0_31\jre\bin\npt.dll
0x00000000662b0000 - 0x00000000662c6000 	C:\Program Files\Java\jdk1.8.0_31\jre\bin\zip.dll
0x000007fefdc80000 - 0x000007fefea0b000 	C:\Windows\system32\SHELL32.dll
0x000007fefecc0000 - 0x000007fefeec3000 	C:\Windows\system32\ole32.dll
0x000007fefd660000 - 0x000007fefd66f000 	C:\Windows\system32\profapi.dll
0x00000000662a0000 - 0x00000000662a9000 	C:\Program Files\Java\jdk1.8.0_31\jre\bin\dt_socket.dll
0x000007fefce40000 - 0x000007fefce95000 	C:\Windows\system32\mswsock.dll
0x000007fefc820000 - 0x000007fefc827000 	C:\Windows\System32\wshtcpip.dll
0x000007fefadd0000 - 0x000007fefaef5000 	C:\Windows\system32\dbghelp.dll

VM Arguments:
jvm_args: -agentlib:jdwp=transport=dt_socket,address=127.0.0.1:5060,suspend=y,server=n -Dfile.encoding=UTF-8 
java_command: com.josiah.Main
java_class_path (initial): C:\Program Files\Java\jdk1.8.0_31\jre\lib\charsets.jar;C:\Program Files\Java\jdk1.8.0_31\jre\lib\deploy.jar;C:\Program Files\Java\jdk1.8.0_31\jre\lib\javaws.jar;C:\Program Files\Java\jdk1.8.0_31\jre\lib\jce.jar;C:\Program Files\Java\jdk1.8.0_31\jre\lib\jfr.jar;C:\Program Files\Java\jdk1.8.0_31\jre\lib\jfxswt.jar;C:\Program Files\Java\jdk1.8.0_31\jre\lib\jsse.jar;C:\Program Files\Java\jdk1.8.0_31\jre\lib\management-agent.jar;C:\Program Files\Java\jdk1.8.0_31\jre\lib\plugin.jar;C:\Program Files\Java\jdk1.8.0_31\jre\lib\resources.jar;C:\Program Files\Java\jdk1.8.0_31\jre\lib\rt.jar;C:\Program Files\Java\jdk1.8.0_31\jre\lib\ext\access-bridge-64.jar;C:\Program Files\Java\jdk1.8.0_31\jre\lib\ext\cldrdata.jar;C:\Program Files\Java\jdk1.8.0_31\jre\lib\ext\dnsns.jar;C:\Program Files\Java\jdk1.8.0_31\jre\lib\ext\jaccess.jar;C:\Program Files\Java\jdk1.8.0_31\jre\lib\ext\jfxrt.jar;C:\Program Files\Java\jdk1.8.0_31\jre\lib\ext\localedata.jar;C:\Program Files\Java\jdk1.8.0_31\jre\lib\ext\nashorn.jar;C:\Program Files\Java\jdk1.8.0_31\jre\lib\ext\sunec.jar;C:\Program Files\Java\jdk1.8.0_31\jre\lib\ext\sunjce_provider.jar;C:\Program Files\Java\jdk1.8.0_31\jre\lib\ext\sunmscapi.jar;C:\Program Files\Java\jdk1.8.0_31\jre\lib\ext\sunpkcs11.jar;C:\Program Files\Java\jdk1.8.0_31\jre\lib\ext\zipfs.jar;C:\Users\Josiah\IdeaProjects\Gin Rummy\out\production\Gin Rummy;C:\Program Files (x86)\JetBrains\IntelliJ IDEA 14.0.2\lib\idea_rt.jar
Launcher Type: SUN_STANDARD

Environment Variables:
CLASSPATH=.;C:\Program Files (x86)\QuickTime\QTSystem\QTJava.zip
PATH=C:\ProgramData\Oracle\Java\javapath;C:\Program Files (x86)\Intel\iCLS Client\;C:\Program Files\Intel\iCLS Client\;C:\Windows\system32;C:\Windows;C:\Windows\System32\Wbem;C:\Windows\System32\WindowsPowerShell\v1.0\;C:\Program Files\Intel\Intel(R) Management Engine Components\DAL;C:\Program Files (x86)\Intel\Intel(R) Management Engine Components\DAL;C:\Program Files\Intel\Intel(R) Management Engine Components\IPT;C:\Program Files (x86)\Intel\Intel(R) Management Engine Components\IPT;C:\Program Files (x86)\ATI Technologies\ATI.ACE\Core-Static;C:\Program Files\Microsoft\Web Platform Installer\;C:\Program Files (x86)\Microsoft ASP.NET\ASP.NET Web Pages\v1.0\;C:\Program Files (x86)\Windows Kits\8.0\Windows Performance Toolkit\;C:\Program Files\Microsoft SQL Server\110\Tools\Binn\;C:\Program Files\Microsoft SQL Server\Client SDK\ODBC\110\Tools\Binn\;C:\Program Files (x86)\Microsoft SQL Server\120\Tools\Binn\;C:\Program Files\Microsoft SQL Server\120\Tools\Binn\;C:\Program Files\Microsoft SQL Server\120\DTS\Binn\;C:\Program Files (x86)\Microsoft SQL Server\120\Tools\Binn\ManagementStudio\;C:\Program Files (x86)\Microsoft SQL Server\120\DTS\Binn\;C:\Program Files (x86)\QuickTime\QTSystem\
USERNAME=Josiah
OS=Windows_NT
PROCESSOR_IDENTIFIER=Intel64 Family 6 Model 63 Stepping 2, GenuineIntel



---------------  S Y S T E M  ---------------

OS: Windows 7 , 64 bit Build 7601 Service Pack 1

CPU:total 12 (6 cores per cpu, 2 threads per core) family 6 model 63 stepping 2, cmov, cx8, fxsr, mmx, sse, sse2, sse3, ssse3, sse4.1, sse4.2, popcnt, avx, avx2, aes, clmul, erms, lzcnt, ht, tsc, tscinvbit, bmi1, bmi2

Memory: 4k page, physical 16601140k(10593036k free), swap 33200420k(18098760k free)

vm_info: Java HotSpot(TM) 64-Bit Server VM (25.31-b07) for windows-amd64 JRE (1.8.0_31-b13), built on Dec 17 2014 21:00:28 by "java_re" with MS VC++ 10.0 (VS2010)

time: Sun Mar 15 14:09:28 2015
elapsed time: 1268 seconds (0d 0h 21m 8s)

