#
# A fatal error has been detected by the Java Runtime Environment:
#
#  EXCEPTION_ACCESS_VIOLATION (0xc0000005) at pc=0x00000000778f2590, pid=26756, tid=59124
#
# JRE version: Java(TM) SE Runtime Environment (8.0_31-b13) (build 1.8.0_31-b13)
# Java VM: Java HotSpot(TM) 64-Bit Server VM (25.31-b07 mixed mode windows-amd64 compressed oops)
# Problematic frame:
# C  [ntdll.dll+0x52590]
#
# Failed to write core dump. Minidumps are not enabled by default on client versions of Windows
#
# If you would like to submit a bug report, please visit:
#   http://bugreport.java.com/bugreport/crash.jsp
#

---------------  T H R E A D  ---------------

Current thread (0x000000001db0b000):  JavaThread "JDWP Transport Listener: dt_socket" daemon [_thread_in_vm, id=59124, stack(0x000000001f7c0000,0x000000001f8c0000)]

siginfo: ExceptionCode=0xc0000005, reading address 0x000000926c4e8018

Registers:
RAX=0x000000001dc40a58, RBX=0x000000926c4e8010, RCX=0x000000ffffffffff, RDX=0x000000001dafac80
RSP=0x000000001f8bf2b0, RBP=0x0000000000000000, RSI=0x0000000002320000, RDI=0x000000001dafac90
R8 =0x000000001dafac90, R9 =0x0000000000000700, R10=0x6c6974752f617661, R11=0x000000001f8bf6d8
R12=0x0000000000000000, R13=0x000000001db0ba38, R14=0x0000000000000000, R15=0x0000000000000000
RIP=0x00000000778f2590, EFLAGS=0x0000000000010202

Top of Stack: (sp=0x000000001f8bf2b0)
0x000000001f8bf2b0:   000000001db0b670 00000000639bd11b
0x000000001f8bf2c0:   0000000000000000 0000000000000001
0x000000001f8bf2d0:   000000001f8bf460 000000001c2d65c8
0x000000001f8bf2e0:   000000001f8bf468 0000000063a720ad
0x000000001f8bf2f0:   0000000000000000 0000000000000000
0x000000001f8bf300:   000000001db0ba38 0000000000000000
0x000000001f8bf310:   0000000002329430 000000001dafac90
0x000000001f8bf320:   000000001f8bf490 00000000777a1a4a
0x000000001f8bf330:   000000001db0b650 000000001db0b000
0x000000001f8bf340:   000000001db0ba38 0000000063ae5e4a
0x000000001f8bf350:   0000000000000000 0000000065678d94
0x000000001f8bf360:   0000000002329430 000000001f8bf460
0x000000001f8bf370:   0000000000000000 000000001db0ba38
0x000000001f8bf380:   000000001db0b000 0000000063a720d9
0x000000001f8bf390:   000000001db0b000 00000000662f9149
0x000000001f8bf3a0:   000000001db0b000 000000001db0b000 

Instructions: (pc=0x00000000778f2590)
0x00000000778f2570:   ff ff 00 00 00 48 33 de 48 23 c1 48 c1 eb 04 48
0x00000000778f2580:   33 d8 48 33 1d 3f ee 0d 00 48 c1 e3 04 0f 0d 0b
0x00000000778f2590:   4c 8b 63 08 49 bd 01 00 00 00 01 00 00 00 49 be
0x00000000778f25a0:   ff 7f 00 00 ff ff ff ff c6 42 0f 80 c6 42 0e 00 


Register to memory mapping:

RAX=0x000000001dc40a58 is an unknown value
RBX=0x000000926c4e8010 is an unknown value
RCX=0x000000ffffffffff is an unknown value
RDX=0x000000001dafac80 is an unknown value
RSP=0x000000001f8bf2b0 is pointing into the stack for thread: 0x000000001db0b000
RBP=0x0000000000000000 is an unknown value
RSI=0x0000000002320000 is an unknown value
RDI=0x000000001dafac90 is an unknown value
R8 =0x000000001dafac90 is an unknown value
R9 =0x0000000000000700 is an unknown value
R10=0x6c6974752f617661 is an unknown value
R11=0x000000001f8bf6d8 is pointing into the stack for thread: 0x000000001db0b000
R12=0x0000000000000000 is an unknown value
R13=0x000000001db0ba38 is an unknown value
R14=0x0000000000000000 is an unknown value
R15=0x0000000000000000 is an unknown value


Stack: [0x000000001f7c0000,0x000000001f8c0000],  sp=0x000000001f8bf2b0,  free space=1020k
Native frames: (J=compiled Java code, j=interpreted, Vv=VM code, C=native code)


---------------  P R O C E S S  ---------------

Java Threads: ( => current thread )
  0x000000001dbaf800 JavaThread "Service Thread" daemon [_thread_blocked, id=58004, stack(0x000000001fa10000,0x000000001fb10000)]
  0x000000001db34800 JavaThread "C1 CompilerThread3" daemon [_thread_blocked, id=58948, stack(0x0000000020010000,0x0000000020110000)]
  0x000000001db25800 JavaThread "C2 CompilerThread2" daemon [_thread_blocked, id=35692, stack(0x000000001fe50000,0x000000001ff50000)]
  0x000000001db25000 JavaThread "C2 CompilerThread1" daemon [_thread_blocked, id=57240, stack(0x000000001fd10000,0x000000001fe10000)]
  0x000000001db2e000 JavaThread "C2 CompilerThread0" daemon [_thread_blocked, id=56888, stack(0x000000001fba0000,0x000000001fca0000)]
  0x000000001db19000 JavaThread "JDWP Command Reader" daemon [_thread_in_native, id=57228, stack(0x000000001f140000,0x000000001f240000)]
  0x000000001db0c000 JavaThread "JDWP Event Helper Thread" daemon [_thread_blocked, id=58212, stack(0x000000001f8f0000,0x000000001f9f0000)]
=>0x000000001db0b000 JavaThread "JDWP Transport Listener: dt_socket" daemon [_thread_in_vm, id=59124, stack(0x000000001f7c0000,0x000000001f8c0000)]
  0x000000001daf2800 JavaThread "Attach Listener" daemon [_thread_blocked, id=59032, stack(0x0000000013310000,0x0000000013410000)]
  0x000000001dafe000 JavaThread "Signal Dispatcher" daemon [_thread_blocked, id=58644, stack(0x000000001f5d0000,0x000000001f6d0000)]
  0x000000001da96800 JavaThread "Finalizer" daemon [_thread_blocked, id=59148, stack(0x000000001f3f0000,0x000000001f4f0000)]
  0x000000001da95000 JavaThread "Reference Handler" daemon [_thread_blocked, id=58996, stack(0x000000001f240000,0x000000001f340000)]
  0x0000000002248000 JavaThread "main" [_thread_blocked, id=55992, stack(0x0000000002530000,0x0000000002630000)]

Other Threads:
  0x000000001c8c5000 VMThread [stack: 0x000000001f020000,0x000000001f120000] [id=58680]
  0x000000001dbb1800 WatcherThread [stack: 0x0000000020240000,0x0000000020340000] [id=35784]

VM state:not at safepoint (normal execution)

VM Mutex/Monitor currently owned by a thread: None

Heap:
 PSYoungGen      total 75776K, used 5202K [0x000000076b900000, 0x0000000770d80000, 0x00000007c0000000)
  eden space 65024K, 8% used [0x000000076b900000,0x000000076be14888,0x000000076f880000)
  from space 10752K, 0% used [0x0000000770300000,0x0000000770300000,0x0000000770d80000)
  to   space 10752K, 0% used [0x000000076f880000,0x000000076f880000,0x0000000770300000)
 ParOldGen       total 173568K, used 0K [0x00000006c2a00000, 0x00000006cd380000, 0x000000076b900000)
  object space 173568K, 0% used [0x00000006c2a00000,0x00000006c2a00000,0x00000006cd380000)
 Metaspace       used 3542K, capacity 4602K, committed 4864K, reserved 1056768K
  class space    used 398K, capacity 426K, committed 512K, reserved 1048576K

Card table byte_map: [0x0000000011cc0000,0x00000000124b0000] byte_map_base: 0x000000000e6ab000

Marking Bits: (ParMarkBitMap*) 0x00000000640bd4f0
 Begin Bits: [0x0000000013830000, 0x0000000017788000)
 End Bits:   [0x0000000017788000, 0x000000001b6e0000)

Polling page: 0x0000000000330000

CodeCache: size=245760Kb used=1175Kb max_used=1175Kb free=244584Kb
 bounds [0x0000000002900000, 0x0000000002b70000, 0x0000000011900000]
 total_blobs=298 nmethods=56 adapters=164
 compilation: enabled

Compilation events (10 events):
Event: 0.074 Thread 0x000000001db34800   53       3       java.lang.AbstractStringBuilder::<init> (12 bytes)
Event: 0.074 Thread 0x000000001db34800 nmethod 53 0x0000000002a20390 code [0x0000000002a20500, 0x0000000002a20750]
Event: 0.074 Thread 0x000000001db34800   54       1       java.lang.String::length (6 bytes)
Event: 0.074 Thread 0x000000001db34800 nmethod 54 0x0000000002a20810 code [0x0000000002a20960, 0x0000000002a20a70]
Event: 0.074 Thread 0x000000001db34800   55       3       java.lang.String::toLowerCase (439 bytes)
Event: 0.075 Thread 0x000000001db34800 nmethod 55 0x0000000002a20d50 code [0x0000000002a21080, 0x0000000002a22958]
Event: 0.075 Thread 0x000000001db34800   50       1       java.net.URL::getPath (5 bytes)
Event: 0.075 Thread 0x000000001db34800 nmethod 50 0x0000000002a23910 code [0x0000000002a23a60, 0x0000000002a23b70]
Event: 0.076 Thread 0x000000001db34800   56       3       java.lang.AbstractStringBuilder::expandCapacity (50 bytes)
Event: 0.076 Thread 0x000000001db34800 nmethod 56 0x0000000002a23bd0 code [0x0000000002a23d80, 0x0000000002a242d8]

GC Heap History (0 events):
No events

Deoptimization events (0 events):
No events

Internal exceptions (10 events):
Event: 0.024 Thread 0x0000000002248000 Exception <a 'java/lang/NoSuchMethodError': Method sun.misc.Unsafe.defineClass(Ljava/lang/String;[BII)Ljava/lang/Class; name or signature does not match> (0x000000076b90d4d0) thrown at [C:\workspace\8-2-build-windows-amd64-cygwin\jdk8u31\2394\hotspot\src\sCwŒ∆]ò?
Event: 0.024 Thread 0x0000000002248000 Exception <a 'java/lang/NoSuchMethodError': Method sun.misc.Unsafe.prefetchRead(Ljava/lang/Object;J)V name or signature does not match> (0x000000076b90d760) thrown at [C:\workspace\8-2-build-windows-amd64-cygwin\jdk8u31\2394\hotspot\src\share\vm\prims\jni.?ıÍ≈ÓØ?
Event: 0.061 Thread 0x0000000002248000 Exception <a 'java/security/PrivilegedActionException'> (0x000000076b96ca38) thrown at [C:\workspace\8-2-build-windows-amd64-cygwin\jdk8u31\2394\hotspot\src\share\vm\prims\jvm.cpp, line 1312]
Event: 0.154 Thread 0x0000000002248000 Exception <a 'java/security/PrivilegedActionException'> (0x000000076b9f0470) thrown at [C:\workspace\8-2-build-windows-amd64-cygwin\jdk8u31\2394\hotspot\src\share\vm\prims\jvm.cpp, line 1312]
Event: 0.154 Thread 0x0000000002248000 Exception <a 'java/security/PrivilegedActionException'> (0x000000076b9f07b8) thrown at [C:\workspace\8-2-build-windows-amd64-cygwin\jdk8u31\2394\hotspot\src\share\vm\prims\jvm.cpp, line 1312]
Event: 0.173 Thread 0x0000000002248000 Exception <a 'java/security/PrivilegedActionException'> (0x000000076b9f46e0) thrown at [C:\workspace\8-2-build-windows-amd64-cygwin\jdk8u31\2394\hotspot\src\share\vm\prims\jvm.cpp, line 1312]
Event: 0.173 Thread 0x0000000002248000 Exception <a 'java/security/PrivilegedActionException'> (0x000000076b9f4a28) thrown at [C:\workspace\8-2-build-windows-amd64-cygwin\jdk8u31\2394\hotspot\src\share\vm\prims\jvm.cpp, line 1312]
Event: 0.259 Thread 0x0000000002248000 Exception <a 'java/security/PrivilegedActionException'> (0x000000076ba086d0) thrown at [C:\workspace\8-2-build-windows-amd64-cygwin\jdk8u31\2394\hotspot\src\share\vm\prims\jvm.cpp, line 1312]
Event: 0.283 Thread 0x0000000002248000 Exception <a 'java/security/PrivilegedActionException'> (0x000000076ba0dbf8) thrown at [C:\workspace\8-2-build-windows-amd64-cygwin\jdk8u31\2394\hotspot\src\share\vm\prims\jvm.cpp, line 1312]
Event: 1.825 Thread 0x0000000002248000 Exception <a 'java/security/PrivilegedActionException'> (0x000000076ba13c70) thrown at [C:\workspace\8-2-build-windows-amd64-cygwin\jdk8u31\2394\hotspot\src\share\vm\prims\jvm.cpp, line 1312]

Events (10 events):
Event: 73.617 Executing VM operation: GetOrSetLocal
Event: 73.617 Executing VM operation: GetOrSetLocal done
Event: 73.617 Executing VM operation: GetOrSetLocal
Event: 73.617 Executing VM operation: GetOrSetLocal done
Event: 73.617 Executing VM operation: GetOrSetLocal
Event: 73.617 Executing VM operation: GetOrSetLocal done
Event: 73.617 Executing VM operation: GetOrSetLocal
Event: 73.617 Executing VM operation: GetOrSetLocal done
Event: 113.498 Executing VM operation: RedefineClasses
Event: 113.498 Executing VM operation: RedefineClasses done


Dynamic libraries:
0x000000013fc80000 - 0x000000013fcb4000 	C:\Program Files\Java\jdk1.8.0_31\bin\java.exe
0x00000000778a0000 - 0x0000000077a4a000 	C:\Windows\SYSTEM32\ntdll.dll
0x0000000077780000 - 0x000000007789f000 	C:\Windows\system32\kernel32.dll
0x000007fefd8b0000 - 0x000007fefd91c000 	C:\Windows\system32\KERNELBASE.dll
0x000007feff4e0000 - 0x000007feff5bb000 	C:\Windows\system32\ADVAPI32.dll
0x000007feff050000 - 0x000007feff0ef000 	C:\Windows\system32\msvcrt.dll
0x000007feff110000 - 0x000007feff12f000 	C:\Windows\SYSTEM32\sechost.dll
0x000007feff8a0000 - 0x000007feff9cd000 	C:\Windows\system32\RPCRT4.dll
0x0000000077680000 - 0x000000007777a000 	C:\Windows\system32\USER32.dll
0x000007feff2b0000 - 0x000007feff317000 	C:\Windows\system32\GDI32.dll
0x000007feff320000 - 0x000007feff32e000 	C:\Windows\system32\LPK.dll
0x000007feff130000 - 0x000007feff1f9000 	C:\Windows\system32\USP10.dll
0x000007fefbcb0000 - 0x000007fefbea4000 	C:\Windows\WinSxS\amd64_microsoft.windows.common-controls_6595b64144ccf1df_6.0.7601.17514_none_fa396087175ac9ac\COMCTL32.dll
0x000007fefdbb0000 - 0x000007fefdc21000 	C:\Windows\system32\SHLWAPI.dll
0x000007feff280000 - 0x000007feff2ae000 	C:\Windows\system32\IMM32.DLL
0x000007feff330000 - 0x000007feff439000 	C:\Windows\system32\MSCTF.dll
0x0000000065610000 - 0x00000000656e2000 	C:\Program Files\Java\jdk1.8.0_31\jre\bin\msvcr100.dll
0x00000000638e0000 - 0x000000006413a000 	C:\Program Files\Java\jdk1.8.0_31\jre\bin\server\jvm.dll
0x000007fef2030000 - 0x000007fef2039000 	C:\Windows\system32\WSOCK32.dll
0x000007fefdc30000 - 0x000007fefdc7d000 	C:\Windows\system32\WS2_32.dll
0x000007feff890000 - 0x000007feff898000 	C:\Windows\system32\NSI.dll
0x000007fef4950000 - 0x000007fef498b000 	C:\Windows\system32\WINMM.dll
0x0000000077a60000 - 0x0000000077a67000 	C:\Windows\system32\PSAPI.DLL
0x0000000066350000 - 0x000000006635f000 	C:\Program Files\Java\jdk1.8.0_31\jre\bin\verify.dll
0x0000000066320000 - 0x0000000066348000 	C:\Program Files\Java\jdk1.8.0_31\jre\bin\java.dll
0x00000000662e0000 - 0x0000000066315000 	C:\Program Files\Java\jdk1.8.0_31\jre\bin\jdwp.dll
0x00000000662d0000 - 0x00000000662d8000 	C:\Program Files\Java\jdk1.8.0_31\jre\bin\npt.dll
0x00000000662b0000 - 0x00000000662c6000 	C:\Program Files\Java\jdk1.8.0_31\jre\bin\zip.dll
0x000007fefdc80000 - 0x000007fefea0b000 	C:\Windows\system32\SHELL32.dll
0x000007fefecc0000 - 0x000007fefeec3000 	C:\Windows\system32\ole32.dll
0x000007fefd660000 - 0x000007fefd66f000 	C:\Windows\system32\profapi.dll
0x00000000662a0000 - 0x00000000662a9000 	C:\Program Files\Java\jdk1.8.0_31\jre\bin\dt_socket.dll
0x000007fefce40000 - 0x000007fefce95000 	C:\Windows\system32\mswsock.dll
0x000007fefc820000 - 0x000007fefc827000 	C:\Windows\System32\wshtcpip.dll
0x000007fefadd0000 - 0x000007fefaef5000 	C:\Windows\system32\dbghelp.dll

VM Arguments:
jvm_args: -agentlib:jdwp=transport=dt_socket,address=127.0.0.1:1328,suspend=y,server=n -Dfile.encoding=UTF-8 
java_command: com.josiah.Main
java_class_path (initial): C:\Program Files\Java\jdk1.8.0_31\jre\lib\charsets.jar;C:\Program Files\Java\jdk1.8.0_31\jre\lib\deploy.jar;C:\Program Files\Java\jdk1.8.0_31\jre\lib\javaws.jar;C:\Program Files\Java\jdk1.8.0_31\jre\lib\jce.jar;C:\Program Files\Java\jdk1.8.0_31\jre\lib\jfr.jar;C:\Program Files\Java\jdk1.8.0_31\jre\lib\jfxswt.jar;C:\Program Files\Java\jdk1.8.0_31\jre\lib\jsse.jar;C:\Program Files\Java\jdk1.8.0_31\jre\lib\management-agent.jar;C:\Program Files\Java\jdk1.8.0_31\jre\lib\plugin.jar;C:\Program Files\Java\jdk1.8.0_31\jre\lib\resources.jar;C:\Program Files\Java\jdk1.8.0_31\jre\lib\rt.jar;C:\Program Files\Java\jdk1.8.0_31\jre\lib\ext\access-bridge-64.jar;C:\Program Files\Java\jdk1.8.0_31\jre\lib\ext\cldrdata.jar;C:\Program Files\Java\jdk1.8.0_31\jre\lib\ext\dnsns.jar;C:\Program Files\Java\jdk1.8.0_31\jre\lib\ext\jaccess.jar;C:\Program Files\Java\jdk1.8.0_31\jre\lib\ext\jfxrt.jar;C:\Program Files\Java\jdk1.8.0_31\jre\lib\ext\localedata.jar;C:\Program Files\Java\jdk1.8.0_31\jre\lib\ext\nashorn.jar;C:\Program Files\Java\jdk1.8.0_31\jre\lib\ext\sunec.jar;C:\Program Files\Java\jdk1.8.0_31\jre\lib\ext\sunjce_provider.jar;C:\Program Files\Java\jdk1.8.0_31\jre\lib\ext\sunmscapi.jar;C:\Program Files\Java\jdk1.8.0_31\jre\lib\ext\sunpkcs11.jar;C:\Program Files\Java\jdk1.8.0_31\jre\lib\ext\zipfs.jar;C:\Users\Josiah\IdeaProjects\Gin Rummy\out\production\Gin Rummy;C:\Program Files (x86)\JetBrains\IntelliJ IDEA 14.0.2\lib\idea_rt.jar
Launcher Type: SUN_STANDARD

Environment Variables:
CLASSPATH=.;C:\Program Files (x86)\QuickTime\QTSystem\QTJava.zip
PATH=C:\ProgramData\Oracle\Java\javapath;C:\Program Files (x86)\Intel\iCLS Client\;C:\Program Files\Intel\iCLS Client\;C:\Windows\system32;C:\Windows;C:\Windows\System32\Wbem;C:\Windows\System32\WindowsPowerShell\v1.0\;C:\Program Files\Intel\Intel(R) Management Engine Components\DAL;C:\Program Files (x86)\Intel\Intel(R) Management Engine Components\DAL;C:\Program Files\Intel\Intel(R) Management Engine Components\IPT;C:\Program Files (x86)\Intel\Intel(R) Management Engine Components\IPT;C:\Program Files (x86)\ATI Technologies\ATI.ACE\Core-Static;C:\Program Files\Microsoft\Web Platform Installer\;C:\Program Files (x86)\Microsoft ASP.NET\ASP.NET Web Pages\v1.0\;C:\Program Files (x86)\Windows Kits\8.0\Windows Performance Toolkit\;C:\Program Files\Microsoft SQL Server\110\Tools\Binn\;C:\Program Files\Microsoft SQL Server\Client SDK\ODBC\110\Tools\Binn\;C:\Program Files (x86)\Microsoft SQL Server\120\Tools\Binn\;C:\Program Files\Microsoft SQL Server\120\Tools\Binn\;C:\Program Files\Microsoft SQL Server\120\DTS\Binn\;C:\Program Files (x86)\Microsoft SQL Server\120\Tools\Binn\ManagementStudio\;C:\Program Files (x86)\Microsoft SQL Server\120\DTS\Binn\;C:\Program Files (x86)\QuickTime\QTSystem\
USERNAME=Josiah
OS=Windows_NT
PROCESSOR_IDENTIFIER=Intel64 Family 6 Model 63 Stepping 2, GenuineIntel



---------------  S Y S T E M  ---------------

OS: Windows 7 , 64 bit Build 7601 Service Pack 1

CPU:total 12 (6 cores per cpu, 2 threads per core) family 6 model 63 stepping 2, cmov, cx8, fxsr, mmx, sse, sse2, sse3, ssse3, sse4.1, sse4.2, popcnt, avx, avx2, aes, clmul, erms, lzcnt, ht, tsc, tscinvbit, bmi1, bmi2

Memory: 4k page, physical 16601140k(10692512k free), swap 33200420k(21066936k free)

vm_info: Java HotSpot(TM) 64-Bit Server VM (25.31-b07) for windows-amd64 JRE (1.8.0_31-b13), built on Dec 17 2014 21:00:28 by "java_re" with MS VC++ 10.0 (VS2010)

time: Sun Mar 15 13:21:28 2015
elapsed time: 113 seconds (0d 0h 1m 53s)

